<?xml version="1.0" encoding="UTF-8"?>
<!-- Generated by org.testng.reporters.JUnitReportReporter -->
<testsuite hostname="DESKTOP-V39QH6A" failures="0" tests="1" name="com.banking.tests.TestingEx" time="16.229" errors="0" timestamp="2022-05-06T08:04:52 IST" skipped="0">
  <testcase classname="com.banking.tests.TestingEx" name="testmethod" time="16.229"/>
  <system-out/>
</testsuite> <!-- com.banking.tests.TestingEx -->
