<?xml version="1.0" encoding="UTF-8"?>
<!-- Generated by org.testng.reporters.JUnitReportReporter -->
<testsuite hostname="DESKTOP-V39QH6A" failures="0" tests="1" name="com.banking.tests.LoginTest" time="7.895" errors="0" timestamp="2022-05-09T08:25:24 IST" skipped="0">
  <testcase classname="com.banking.tests.LoginTest" name="loginTestCase" time="7.895"/>
  <system-out/>
</testsuite> <!-- com.banking.tests.LoginTest -->
