<?xml version="1.0" encoding="UTF-8"?>
<!-- Generated by org.testng.reporters.JUnitReportReporter -->
<testsuite hostname="DESKTOP-V39QH6A" failures="0" tests="2" name="com.banking.tests.NewAccountCreation" time="25.717" errors="0" timestamp="2022-05-13T00:44:03 IST" skipped="0">
  <testcase classname="com.banking.tests.NewAccountCreation" name="verify_User_Addition" time="15.085"/>
  <system-out/>
  <testcase classname="com.banking.tests.NewAccountCreation" name="verifyCreateUserLogin" time="10.632"/>
  <system-out/>
</testsuite> <!-- com.banking.tests.NewAccountCreation -->
